# JRE version: Java(TM) SE Runtime Environment (8.0_221-b11) (build 1.8.0_221-b11)
# Java VM: Java HotSpot(TM) 64-Bit Server VM (25.221-b11 mixed mode windows-amd64 compressed oops)
Heap:
 PSYoungGen      total 528384K, used 224769K [0x0000000715a00000, 0x0000000756200000, 0x00000007c0000000)
  eden space 526336K, 42% used [0x0000000715a00000,0x000000072339a860,0x0000000735c00000)
  from space 2048K, 94% used [0x0000000735c00000,0x0000000735de5bd0,0x0000000735e00000)
  to   space 2048K, 0% used [0x0000000756000000,0x0000000756000000,0x0000000756200000)
 ParOldGen       total 349696K, used 1312K [0x00000005c0e00000, 0x00000005d6380000, 0x0000000715a00000)
  object space 349696K, 0% used [0x00000005c0e00000,0x00000005c0f48148,0x00000005d6380000)
 Metaspace       used 11547K, capacity 11803K, committed 12160K, reserved 1060864K
  class space    used 975K, capacity 1074K, committed 1152K, reserved 1048576K
GC Heap History (10 events):
Event: 0.493 GC heap before
{Heap before GC invocations=3 (full 0):
 PSYoungGen      total 153088K, used 132960K [0x0000000715a00000, 0x0000000728500000, 0x00000007c0000000)
  eden space 131584K, 100% used [0x0000000715a00000,0x000000071da80000,0x000000071da80000)
  from space 21504K, 6% used [0x000000071ef80000,0x000000071f0d8000,0x0000000720480000)
  to   space 21504K, 0% used [0x000000071da80000,0x000000071da80000,0x000000071ef80000)
 ParOldGen       total 349696K, used 16K [0x00000005c0e00000, 0x00000005d6380000, 0x0000000715a00000)
  object space 349696K, 0% used [0x00000005c0e00000,0x00000005c0e04000,0x00000005d6380000)
 Metaspace       used 8016K, capacity 8210K, committed 8448K, reserved 1056768K
  class space    used 848K, capacity 939K, committed 1024K, reserved 1048576K
Event: 0.495 GC heap after
Heap after GC invocations=3 (full 0):
 PSYoungGen      total 153088K, used 1440K [0x0000000715a00000, 0x0000000728500000, 0x00000007c0000000)
  eden space 131584K, 0% used [0x0000000715a00000,0x0000000715a00000,0x000000071da80000)
  from space 21504K, 6% used [0x000000071da80000,0x000000071dbe8000,0x000000071ef80000)
  to   space 21504K, 0% used [0x0000000727000000,0x0000000727000000,0x0000000728500000)
 ParOldGen       total 349696K, used 24K [0x00000005c0e00000, 0x00000005d6380000, 0x0000000715a00000)
  object space 349696K, 0% used [0x00000005c0e00000,0x00000005c0e06000,0x00000005d6380000)
 Metaspace       used 8016K, capacity 8210K, committed 8448K, reserved 1056768K
  class space    used 848K, capacity 939K, committed 1024K, reserved 1048576K
}
Event: 0.550 GC heap before
{Heap before GC invocations=4 (full 0):
 PSYoungGen      total 153088K, used 133024K [0x0000000715a00000, 0x0000000728500000, 0x00000007c0000000)
  eden space 131584K, 100% used [0x0000000715a00000,0x000000071da80000,0x000000071da80000)
  from space 21504K, 6% used [0x000000071da80000,0x000000071dbe8000,0x000000071ef80000)
  to   space 21504K, 0% used [0x0000000727000000,0x0000000727000000,0x0000000728500000)
 ParOldGen       total 349696K, used 24K [0x00000005c0e00000, 0x00000005d6380000, 0x0000000715a00000)
  object space 349696K, 0% used [0x00000005c0e00000,0x00000005c0e06000,0x00000005d6380000)
 Metaspace       used 8016K, capacity 8210K, committed 8448K, reserved 1056768K
  class space    used 848K, capacity 939K, committed 1024K, reserved 1048576K
Event: 0.551 GC heap after
Heap after GC invocations=4 (full 0):
 PSYoungGen      total 284672K, used 1376K [0x0000000715a00000, 0x0000000728500000, 0x00000007c0000000)
  eden space 263168K, 0% used [0x0000000715a00000,0x0000000715a00000,0x0000000725b00000)
  from space 21504K, 6% used [0x0000000727000000,0x0000000727158000,0x0000000728500000)
  to   space 21504K, 0% used [0x0000000725b00000,0x0000000725b00000,0x0000000727000000)
 ParOldGen       total 349696K, used 24K [0x00000005c0e00000, 0x00000005d6380000, 0x0000000715a00000)
  object space 349696K, 0% used [0x00000005c0e00000,0x00000005c0e06000,0x00000005d6380000)
 Metaspace       used 8016K, capacity 8210K, committed 8448K, reserved 1056768K
  class space    used 848K, capacity 939K, committed 1024K, reserved 1048576K
}
Event: 0.729 GC heap before
{Heap before GC invocations=5 (full 0):
 PSYoungGen      total 284672K, used 264544K [0x0000000715a00000, 0x0000000728500000, 0x00000007c0000000)
  eden space 263168K, 100% used [0x0000000715a00000,0x0000000725b00000,0x0000000725b00000)
  from space 21504K, 6% used [0x0000000727000000,0x0000000727158000,0x0000000728500000)
  to   space 21504K, 0% used [0x0000000725b00000,0x0000000725b00000,0x0000000727000000)
 ParOldGen       total 349696K, used 24K [0x00000005c0e00000, 0x00000005d6380000, 0x0000000715a00000)
  object space 349696K, 0% used [0x00000005c0e00000,0x00000005c0e06000,0x00000005d6380000)
 Metaspace       used 8016K, capacity 8210K, committed 8448K, reserved 1056768K
  class space    used 848K, capacity 939K, committed 1024K, reserved 1048576K
Event: 0.732 GC heap after
Heap after GC invocations=5 (full 0):
 PSYoungGen      total 284672K, used 1376K [0x0000000715a00000, 0x0000000736000000, 0x00000007c0000000)
  eden space 263168K, 0% used [0x0000000715a00000,0x0000000715a00000,0x0000000725b00000)
  from space 21504K, 6% used [0x0000000725b00000,0x0000000725c58020,0x0000000727000000)
  to   space 2048K, 0% used [0x0000000735e00000,0x0000000735e00000,0x0000000736000000)
 ParOldGen       total 349696K, used 24K [0x00000005c0e00000, 0x00000005d6380000, 0x0000000715a00000)
  object space 349696K, 0% used [0x00000005c0e00000,0x00000005c0e06000,0x00000005d6380000)
 Metaspace       used 8016K, capacity 8210K, committed 8448K, reserved 1056768K
  class space    used 848K, capacity 939K, committed 1024K, reserved 1048576K
}
Event: 0.856 GC heap before
{Heap before GC invocations=6 (full 0):
 PSYoungGen      total 284672K, used 264544K [0x0000000715a00000, 0x0000000736000000, 0x00000007c0000000)
  eden space 263168K, 100% used [0x0000000715a00000,0x0000000725b00000,0x0000000725b00000)
  from space 21504K, 6% used [0x0000000725b00000,0x0000000725c58020,0x0000000727000000)
  to   space 2048K, 0% used [0x0000000735e00000,0x0000000735e00000,0x0000000736000000)
 ParOldGen       total 349696K, used 24K [0x00000005c0e00000, 0x00000005d6380000, 0x0000000715a00000)
  object space 349696K, 0% used [0x00000005c0e00000,0x00000005c0e06000,0x00000005d6380000)
 Metaspace       used 8016K, capacity 8210K, committed 8448K, reserved 1056768K
  class space    used 848K, capacity 939K, committed 1024K, reserved 1048576K
Event: 0.857 GC heap after
Heap after GC invocations=6 (full 0):
 PSYoungGen      total 528384K, used 1408K [0x0000000715a00000, 0x0000000736000000, 0x00000007c0000000)
  eden space 526336K, 0% used [0x0000000715a00000,0x0000000715a00000,0x0000000735c00000)
  from space 2048K, 68% used [0x0000000735e00000,0x0000000735f60000,0x0000000736000000)
  to   space 2048K, 0% used [0x0000000735c00000,0x0000000735c00000,0x0000000735e00000)
 ParOldGen       total 349696K, used 32K [0x00000005c0e00000, 0x00000005d6380000, 0x0000000715a00000)
  object space 349696K, 0% used [0x00000005c0e00000,0x00000005c0e08000,0x00000005d6380000)
 Metaspace       used 8016K, capacity 8210K, committed 8448K, reserved 1056768K
  class space    used 848K, capacity 939K, committed 1024K, reserved 1048576K
}
Event: 1.244 GC heap before
{Heap before GC invocations=7 (full 0):
 PSYoungGen      total 528384K, used 527744K [0x0000000715a00000, 0x0000000736000000, 0x00000007c0000000)
  eden space 526336K, 100% used [0x0000000715a00000,0x0000000735c00000,0x0000000735c00000)
  from space 2048K, 68% used [0x0000000735e00000,0x0000000735f60000,0x0000000736000000)
  to   space 2048K, 0% used [0x0000000735c00000,0x0000000735c00000,0x0000000735e00000)
 ParOldGen       total 349696K, used 32K [0x00000005c0e00000, 0x00000005d6380000, 0x0000000715a00000)
  object space 349696K, 0% used [0x00000005c0e00000,0x00000005c0e08000,0x00000005d6380000)
 Metaspace       used 10557K, capacity 10809K, committed 11136K, reserved 1058816K
  class space    used 934K, capacity 1041K, committed 1152K, reserved 1048576K
Event: 1.249 GC heap after
Heap after GC invocations=7 (full 0):
 PSYoungGen      total 528384K, used 1942K [0x0000000715a00000, 0x0000000756200000, 0x00000007c0000000)
  eden space 526336K, 0% used [0x0000000715a00000,0x0000000715a00000,0x0000000735c00000)
  from space 2048K, 94% used [0x0000000735c00000,0x0000000735de5bd0,0x0000000735e00000)
  to   space 2048K, 0% used [0x0000000756000000,0x0000000756000000,0x0000000756200000)
 ParOldGen       total 349696K, used 1312K [0x00000005c0e00000, 0x00000005d6380000, 0x0000000715a00000)
  object space 349696K, 0% used [0x00000005c0e00000,0x00000005c0f48148,0x00000005d6380000)
 Metaspace       used 10557K, capacity 10809K, committed 11136K, reserved 1058816K
  class space    used 934K, capacity 1041K, committed 1152K, reserved 1048576K
}

